2022-07-14 00:00:55,461 WARN com.zaxxer.hikari.pool.PoolBase [http-nio-8080-exec-2] HikariPool-9 - Failed to validate connection com.mysql.cj.jdbc.ConnectionImpl@5eb749a5 (No operations allowed after connection closed.). Possibly consider using a shorter maxLifetime value.
2022-07-14 00:00:55,474 WARN com.zaxxer.hikari.pool.PoolBase [http-nio-8080-exec-2] HikariPool-9 - Failed to validate connection com.mysql.cj.jdbc.ConnectionImpl@730e0c12 (No operations allowed after connection closed.). Possibly consider using a shorter maxLifetime value.
2022-07-14 00:00:55,479 WARN com.zaxxer.hikari.pool.PoolBase [http-nio-8080-exec-2] HikariPool-9 - Failed to validate connection com.mysql.cj.jdbc.ConnectionImpl@798a3feb (No operations allowed after connection closed.). Possibly consider using a shorter maxLifetime value.
2022-07-14 00:00:55,481 WARN com.zaxxer.hikari.pool.PoolBase [http-nio-8080-exec-2] HikariPool-9 - Failed to validate connection com.mysql.cj.jdbc.ConnectionImpl@1d94ab1e (No operations allowed after connection closed.). Possibly consider using a shorter maxLifetime value.
2022-07-14 00:00:55,483 WARN com.zaxxer.hikari.pool.PoolBase [http-nio-8080-exec-2] HikariPool-9 - Failed to validate connection com.mysql.cj.jdbc.ConnectionImpl@425b7548 (No operations allowed after connection closed.). Possibly consider using a shorter maxLifetime value.
2022-07-14 00:00:55,485 WARN com.zaxxer.hikari.pool.PoolBase [http-nio-8080-exec-2] HikariPool-9 - Failed to validate connection com.mysql.cj.jdbc.ConnectionImpl@41369f8d (No operations allowed after connection closed.). Possibly consider using a shorter maxLifetime value.
2022-07-14 00:00:55,486 WARN com.zaxxer.hikari.pool.PoolBase [http-nio-8080-exec-2] HikariPool-9 - Failed to validate connection com.mysql.cj.jdbc.ConnectionImpl@696b9527 (No operations allowed after connection closed.). Possibly consider using a shorter maxLifetime value.
2022-07-14 00:00:55,487 WARN com.zaxxer.hikari.pool.PoolBase [http-nio-8080-exec-2] HikariPool-9 - Failed to validate connection com.mysql.cj.jdbc.ConnectionImpl@519f1f4f (No operations allowed after connection closed.). Possibly consider using a shorter maxLifetime value.
2022-07-14 00:00:55,488 WARN com.zaxxer.hikari.pool.PoolBase [http-nio-8080-exec-2] HikariPool-9 - Failed to validate connection com.mysql.cj.jdbc.ConnectionImpl@4877c101 (No operations allowed after connection closed.). Possibly consider using a shorter maxLifetime value.
2022-07-14 00:00:55,490 WARN com.zaxxer.hikari.pool.PoolBase [http-nio-8080-exec-2] HikariPool-9 - Failed to validate connection com.mysql.cj.jdbc.ConnectionImpl@3dc8e575 (No operations allowed after connection closed.). Possibly consider using a shorter maxLifetime value.
2022-07-14 00:02:15,271 INFO org.springframework.orm.jpa.AbstractEntityManagerFactoryBean [Thread-35] Closing JPA EntityManagerFactory for persistence unit 'default'
2022-07-14 00:02:15,272 INFO com.zaxxer.hikari.HikariDataSource [Thread-35] HikariPool-9 - Shutdown initiated...
2022-07-14 00:02:15,641 INFO com.zaxxer.hikari.HikariDataSource [Thread-35] HikariPool-9 - Shutdown completed.
2022-07-14 00:02:16,239 INFO org.springframework.data.repository.config.RepositoryConfigurationDelegate [restartedMain] Bootstrapping Spring Data JPA repositories in DEFAULT mode.
2022-07-14 00:02:16,245 INFO org.springframework.data.repository.config.RepositoryConfigurationDelegate [restartedMain] Finished Spring Data repository scanning in 5 ms. Found 0 JPA repository interfaces.
2022-07-14 00:02:16,523 INFO org.springframework.boot.web.embedded.tomcat.TomcatWebServer [restartedMain] Tomcat initialized with port(s): 8080 (http)
2022-07-14 00:02:16,524 INFO org.apache.juli.logging.DirectJDKLog [restartedMain] Initializing ProtocolHandler ["http-nio-8080"]
2022-07-14 00:02:16,524 INFO org.apache.juli.logging.DirectJDKLog [restartedMain] Starting service [Tomcat]
2022-07-14 00:02:16,524 INFO org.apache.juli.logging.DirectJDKLog [restartedMain] Starting Servlet engine: [Apache Tomcat/9.0.56]
2022-07-14 00:02:16,541 INFO org.apache.juli.logging.DirectJDKLog [restartedMain] Initializing Spring embedded WebApplicationContext
2022-07-14 00:02:16,541 INFO org.springframework.boot.web.servlet.context.ServletWebServerApplicationContext [restartedMain] Root WebApplicationContext: initialization completed in 752 ms
2022-07-14 00:02:16,578 INFO com.zaxxer.hikari.HikariDataSource [restartedMain] HikariPool-10 - Starting...
2022-07-14 00:02:17,083 INFO com.zaxxer.hikari.HikariDataSource [restartedMain] HikariPool-10 - Start completed.
2022-07-14 00:02:17,101 INFO org.hibernate.jpa.internal.util.LogHelper [restartedMain] HHH000204: Processing PersistenceUnitInfo [name: default]
2022-07-14 00:02:17,107 INFO org.hibernate.dialect.Dialect [restartedMain] HHH000400: Using dialect: org.hibernate.dialect.MySQL8Dialect
2022-07-14 00:02:17,114 INFO org.hibernate.engine.transaction.jta.platform.internal.JtaPlatformInitiator [restartedMain] HHH000490: Using JtaPlatform implementation: [org.hibernate.engine.transaction.jta.platform.internal.NoJtaPlatform]
2022-07-14 00:02:17,115 INFO org.springframework.orm.jpa.AbstractEntityManagerFactoryBean [restartedMain] Initialized JPA EntityManagerFactory for persistence unit 'default'
2022-07-14 00:02:17,132 WARN org.springframework.context.support.AbstractApplicationContext [restartedMain] Exception encountered during context initialization - cancelling refresh attempt: org.springframework.beans.factory.BeanCreationException: Error creating bean with name 'jpaAuditingHandler': Cannot create inner bean '(inner bean)#3c2dafab' of type [org.springframework.aop.framework.ProxyFactoryBean] while setting bean property 'auditorAware'; nested exception is org.springframework.beans.factory.BeanCreationException: Error creating bean with name '(inner bean)#3c2dafab': Cannot create inner bean '(inner bean)#8739586' of type [org.springframework.aop.target.LazyInitTargetSource] while setting bean property 'targetSource'; nested exception is org.springframework.beans.factory.BeanCreationException: Error creating bean with name '(inner bean)#8739586': Initialization of bean failed; nested exception is org.springframework.beans.factory.NoSuchBeanDefinitionException: No bean named 'auditAwareImpl' available
2022-07-14 00:02:17,133 INFO org.springframework.orm.jpa.AbstractEntityManagerFactoryBean [restartedMain] Closing JPA EntityManagerFactory for persistence unit 'default'
2022-07-14 00:02:17,133 INFO com.zaxxer.hikari.HikariDataSource [restartedMain] HikariPool-10 - Shutdown initiated...
2022-07-14 00:02:17,174 INFO com.zaxxer.hikari.HikariDataSource [restartedMain] HikariPool-10 - Shutdown completed.
2022-07-14 00:02:17,175 INFO org.apache.juli.logging.DirectJDKLog [restartedMain] Stopping service [Tomcat]
2022-07-14 00:02:17,191 INFO org.springframework.boot.autoconfigure.logging.ConditionEvaluationReportLoggingListener [restartedMain] 

Error starting ApplicationContext. To display the conditions report re-run your application with 'debug' enabled.
2022-07-14 00:02:17,236 ERROR org.springframework.boot.diagnostics.LoggingFailureAnalysisReporter [restartedMain] 

***************************
APPLICATION FAILED TO START
***************************

Description:

A component required a bean named 'auditAwareImpl' that could not be found.


Action:

Consider defining a bean named 'auditAwareImpl' in your configuration.

2022-07-14 00:02:19,332 INFO org.springframework.data.repository.config.RepositoryConfigurationDelegate [restartedMain] Bootstrapping Spring Data JPA repositories in DEFAULT mode.
2022-07-14 00:02:19,357 INFO org.springframework.data.repository.config.RepositoryConfigurationDelegate [restartedMain] Finished Spring Data repository scanning in 24 ms. Found 8 JPA repository interfaces.
2022-07-14 00:02:19,687 INFO org.springframework.boot.web.embedded.tomcat.TomcatWebServer [restartedMain] Tomcat initialized with port(s): 8080 (http)
2022-07-14 00:02:19,688 INFO org.apache.juli.logging.DirectJDKLog [restartedMain] Initializing ProtocolHandler ["http-nio-8080"]
2022-07-14 00:02:19,689 INFO org.apache.juli.logging.DirectJDKLog [restartedMain] Starting service [Tomcat]
2022-07-14 00:02:19,689 INFO org.apache.juli.logging.DirectJDKLog [restartedMain] Starting Servlet engine: [Apache Tomcat/9.0.56]
2022-07-14 00:02:19,713 INFO org.apache.juli.logging.DirectJDKLog [restartedMain] Initializing Spring embedded WebApplicationContext
2022-07-14 00:02:19,714 INFO org.springframework.boot.web.servlet.context.ServletWebServerApplicationContext [restartedMain] Root WebApplicationContext: initialization completed in 565 ms
2022-07-14 00:02:19,813 INFO com.zaxxer.hikari.HikariDataSource [restartedMain] HikariPool-11 - Starting...
2022-07-14 00:02:20,260 INFO com.zaxxer.hikari.HikariDataSource [restartedMain] HikariPool-11 - Start completed.
2022-07-14 00:02:20,277 INFO org.hibernate.jpa.internal.util.LogHelper [restartedMain] HHH000204: Processing PersistenceUnitInfo [name: default]
2022-07-14 00:02:20,281 INFO org.hibernate.dialect.Dialect [restartedMain] HHH000400: Using dialect: org.hibernate.dialect.MySQL8Dialect
2022-07-14 00:02:20,366 INFO org.hibernate.engine.transaction.jta.platform.internal.JtaPlatformInitiator [restartedMain] HHH000490: Using JtaPlatform implementation: [org.hibernate.engine.transaction.jta.platform.internal.NoJtaPlatform]
2022-07-14 00:02:20,367 INFO org.springframework.orm.jpa.AbstractEntityManagerFactoryBean [restartedMain] Initialized JPA EntityManagerFactory for persistence unit 'default'
2022-07-14 00:02:20,397 INFO org.springframework.test.context.support.AbstractTestContextBootstrapper [main] Neither @ContextConfiguration nor @ContextHierarchy found for test class [com.education.School.SchoolApplicationTests], using SpringBootContextLoader
2022-07-14 00:02:20,412 INFO org.springframework.test.context.support.AbstractContextLoader [main] Could not detect default resource locations for test class [com.education.School.SchoolApplicationTests]: no resource found for suffixes {-context.xml, Context.groovy}.
2022-07-14 00:02:20,414 INFO org.springframework.test.context.support.AnnotationConfigContextLoaderUtils [main] Could not detect default configuration classes for test class [com.education.School.SchoolApplicationTests]: SchoolApplicationTests does not declare any static, non-private, non-final, nested classes annotated with @Configuration.
2022-07-14 00:02:20,435 WARN org.springframework.boot.autoconfigure.orm.jpa.JpaBaseConfiguration$JpaWebConfiguration [restartedMain] spring.jpa.open-in-view is enabled by default. Therefore, database queries may be performed during view rendering. Explicitly configure spring.jpa.open-in-view to disable this warning
2022-07-14 00:02:20,636 INFO org.springframework.boot.test.context.SpringBootTestContextBootstrapper [main] Found @SpringBootConfiguration com.education.School.SchoolApplication for test class com.education.School.SchoolApplicationTests
2022-07-14 00:02:20,813 INFO org.springframework.test.context.support.AbstractTestContextBootstrapper [main] Loaded default TestExecutionListener class names from location [META-INF/spring.factories]: [org.springframework.boot.test.mock.mockito.MockitoTestExecutionListener, org.springframework.boot.test.mock.mockito.ResetMocksTestExecutionListener, org.springframework.boot.test.autoconfigure.restdocs.RestDocsTestExecutionListener, org.springframework.boot.test.autoconfigure.web.client.MockRestServiceServerResetTestExecutionListener, org.springframework.boot.test.autoconfigure.web.servlet.MockMvcPrintOnlyOnFailureTestExecutionListener, org.springframework.boot.test.autoconfigure.web.servlet.WebDriverTestExecutionListener, org.springframework.boot.test.autoconfigure.webservices.client.MockWebServiceServerTestExecutionListener, org.springframework.test.context.web.ServletTestExecutionListener, org.springframework.test.context.support.DirtiesContextBeforeModesTestExecutionListener, org.springframework.test.context.event.ApplicationEventsTestExecutionListener, org.springframework.test.context.support.DependencyInjectionTestExecutionListener, org.springframework.test.context.support.DirtiesContextTestExecutionListener, org.springframework.test.context.transaction.TransactionalTestExecutionListener, org.springframework.test.context.jdbc.SqlScriptsTestExecutionListener, org.springframework.test.context.event.EventPublishingTestExecutionListener]
2022-07-14 00:02:20,865 INFO org.springframework.test.context.support.AbstractTestContextBootstrapper [main] Using TestExecutionListeners: [org.springframework.test.context.web.ServletTestExecutionListener@7ec3394b, org.springframework.test.context.support.DirtiesContextBeforeModesTestExecutionListener@bff34c6, org.springframework.test.context.event.ApplicationEventsTestExecutionListener@1522d8a0, org.springframework.boot.test.mock.mockito.MockitoTestExecutionListener@312ab28e, org.springframework.boot.test.autoconfigure.SpringBootDependencyInjectionTestExecutionListener@5644dc81, org.springframework.test.context.support.DirtiesContextTestExecutionListener@246f8b8b, org.springframework.test.context.transaction.TransactionalTestExecutionListener@278bb07e, org.springframework.test.context.jdbc.SqlScriptsTestExecutionListener@4351c8c3, org.springframework.test.context.event.EventPublishingTestExecutionListener@3381b4fc, org.springframework.boot.test.mock.mockito.ResetMocksTestExecutionListener@6bea52d4, org.springframework.boot.test.autoconfigure.restdocs.RestDocsTestExecutionListener@11981797, org.springframework.boot.test.autoconfigure.web.client.MockRestServiceServerResetTestExecutionListener@5c42d2b7, org.springframework.boot.test.autoconfigure.web.servlet.MockMvcPrintOnlyOnFailureTestExecutionListener@625abb97, org.springframework.boot.test.autoconfigure.web.servlet.WebDriverTestExecutionListener@5b1f29fa, org.springframework.boot.test.autoconfigure.webservices.client.MockWebServiceServerTestExecutionListener@aeab9a1]
2022-07-14 00:02:21,100 INFO org.springframework.boot.autoconfigure.web.servlet.WelcomePageHandlerMapping [restartedMain] Adding welcome page template: index
2022-07-14 00:02:21,452 INFO org.springframework.boot.actuate.endpoint.web.EndpointLinksResolver [restartedMain] Exposing 13 endpoint(s) beneath base path '/healthDashboard/actuator'
2022-07-14 00:02:21,510 INFO org.springframework.security.web.DefaultSecurityFilterChain [restartedMain] Will secure any request with [org.springframework.security.web.context.request.async.WebAsyncManagerIntegrationFilter@7e5b27fd, org.springframework.security.web.context.SecurityContextPersistenceFilter@6569a775, org.springframework.security.web.header.HeaderWriterFilter@e5130f5, org.springframework.security.web.csrf.CsrfFilter@252bc8e5, org.springframework.security.web.authentication.logout.LogoutFilter@77ac19f8, org.springframework.security.web.authentication.UsernamePasswordAuthenticationFilter@efec5ab, org.springframework.security.web.authentication.www.BasicAuthenticationFilter@5e870dce, org.springframework.security.web.savedrequest.RequestCacheAwareFilter@4fb9ad02, org.springframework.security.web.servletapi.SecurityContextHolderAwareRequestFilter@255f4655, org.springframework.security.web.authentication.AnonymousAuthenticationFilter@31061fbd, org.springframework.security.web.session.SessionManagementFilter@1efe28af, org.springframework.security.web.access.ExceptionTranslationFilter@1e21b9b6, org.springframework.security.web.access.intercept.FilterSecurityInterceptor@15bb453e]
2022-07-14 00:02:21,589 INFO org.hibernate.validator.internal.util.Version [background-preinit] HV000001: Hibernate Validator 6.2.0.Final
2022-07-14 00:02:21,792 INFO org.springframework.boot.devtools.autoconfigure.OptionalLiveReloadServer [restartedMain] LiveReload server is running on port 35729
2022-07-14 00:02:21,802 INFO org.apache.juli.logging.DirectJDKLog [restartedMain] Starting ProtocolHandler ["http-nio-8080"]
2022-07-14 00:02:21,804 INFO org.springframework.boot.web.embedded.tomcat.TomcatWebServer [restartedMain] Tomcat started on port(s): 8080 (http) with context path ''
2022-07-14 00:02:21,812 INFO org.springframework.boot.devtools.autoconfigure.ConditionEvaluationDeltaLoggingListener [restartedMain] Condition evaluation unchanged
2022-07-14 00:02:21,819 WARN de.codecentric.boot.admin.client.registration.DefaultApplicationRegistrator [registrationTask1] Failed to register application as Application(name=School, managementUrl=http://localhost:8080/healthDashboard/actuator, healthUrl=http://localhost:8080/healthDashboard/actuator/health, serviceUrl=http://LAPTOP-3BQEHVI8.mshome.net:8080/) at spring-boot-admin ([http://localhost:9000/instances]): I/O error on POST request for "http://localhost:9000/instances": Connect to localhost:9000 [localhost/127.0.0.1, localhost/0:0:0:0:0:0:0:1] failed: Connection refused: no further information; nested exception is org.apache.http.conn.HttpHostConnectException: Connect to localhost:9000 [localhost/127.0.0.1, localhost/0:0:0:0:0:0:0:1] failed: Connection refused: no further information. Further attempts are logged on DEBUG level
2022-07-14 00:02:22,450 INFO org.springframework.data.repository.config.RepositoryConfigurationDelegate [main] Bootstrapping Spring Data JPA repositories in DEFAULT mode.
2022-07-14 00:02:22,521 INFO org.springframework.data.repository.config.RepositoryConfigurationDelegate [main] Finished Spring Data repository scanning in 64 ms. Found 8 JPA repository interfaces.
2022-07-14 00:02:23,682 INFO com.zaxxer.hikari.HikariDataSource [main] HikariPool-1 - Starting...
2022-07-14 00:02:24,701 INFO com.zaxxer.hikari.HikariDataSource [main] HikariPool-1 - Start completed.
2022-07-14 00:02:24,980 INFO org.hibernate.jpa.internal.util.LogHelper [main] HHH000204: Processing PersistenceUnitInfo [name: default]
2022-07-14 00:02:25,279 INFO org.hibernate.Version [main] HHH000412: Hibernate ORM core version 5.4.33
2022-07-14 00:02:25,596 INFO org.hibernate.annotations.common.reflection.java.JavaReflectionManager [main] HCANN000001: Hibernate Commons Annotations {5.1.2.Final}
2022-07-14 00:02:25,816 INFO org.hibernate.dialect.Dialect [main] HHH000400: Using dialect: org.hibernate.dialect.MySQL8Dialect
2022-07-14 00:02:26,571 INFO org.hibernate.engine.transaction.jta.platform.internal.JtaPlatformInitiator [main] HHH000490: Using JtaPlatform implementation: [org.hibernate.engine.transaction.jta.platform.internal.NoJtaPlatform]
2022-07-14 00:02:26,581 INFO org.springframework.orm.jpa.AbstractEntityManagerFactoryBean [main] Initialized JPA EntityManagerFactory for persistence unit 'default'
2022-07-14 00:02:26,788 WARN org.springframework.boot.autoconfigure.orm.jpa.JpaBaseConfiguration$JpaWebConfiguration [main] spring.jpa.open-in-view is enabled by default. Therefore, database queries may be performed during view rendering. Explicitly configure spring.jpa.open-in-view to disable this warning
2022-07-14 00:02:29,016 INFO org.springframework.boot.autoconfigure.web.servlet.WelcomePageHandlerMapping [main] Adding welcome page template: index
2022-07-14 00:02:29,739 INFO org.springframework.boot.actuate.endpoint.web.EndpointLinksResolver [main] Exposing 13 endpoint(s) beneath base path '/healthDashboard/actuator'
2022-07-14 00:02:29,940 INFO org.springframework.security.web.DefaultSecurityFilterChain [main] Will secure any request with [org.springframework.security.web.context.request.async.WebAsyncManagerIntegrationFilter@105e8710, org.springframework.security.web.context.SecurityContextPersistenceFilter@70c68e4e, org.springframework.security.web.header.HeaderWriterFilter@bda4cbe, org.springframework.security.web.csrf.CsrfFilter@21e60eed, org.springframework.security.web.authentication.logout.LogoutFilter@4c1c134, org.springframework.security.web.authentication.UsernamePasswordAuthenticationFilter@544faa01, org.springframework.security.web.authentication.www.BasicAuthenticationFilter@7e3b101b, org.springframework.security.web.savedrequest.RequestCacheAwareFilter@3e455d01, org.springframework.security.web.servletapi.SecurityContextHolderAwareRequestFilter@5988e36e, org.springframework.security.web.authentication.AnonymousAuthenticationFilter@7442be61, org.springframework.security.web.session.SessionManagementFilter@5545137d, org.springframework.security.web.access.ExceptionTranslationFilter@3d9dc84d, org.springframework.security.web.access.intercept.FilterSecurityInterceptor@70eced1f]
2022-07-14 00:02:31,809 ERROR org.springframework.scheduling.support.TaskUtils$LoggingErrorHandler [registrationTask1] Unexpected error occurred in scheduled task
java.lang.IllegalStateException: couldn't determine local port. Please set spring.boot.admin.client.instance.service-base-url.
	at de.codecentric.boot.admin.client.registration.DefaultApplicationFactory.getLocalServerPort(DefaultApplicationFactory.java:192)
	at de.codecentric.boot.admin.client.registration.DefaultApplicationFactory.getServiceBaseUrl(DefaultApplicationFactory.java:104)
	at de.codecentric.boot.admin.client.registration.ServletApplicationFactory.getServiceUrl(ServletApplicationFactory.java:63)
	at de.codecentric.boot.admin.client.registration.DefaultApplicationFactory.createApplication(DefaultApplicationFactory.java:81)
	at de.codecentric.boot.admin.client.registration.DefaultApplicationRegistrator.register(DefaultApplicationRegistrator.java:56)
	at org.springframework.scheduling.support.DelegatingErrorHandlingRunnable.run(DelegatingErrorHandlingRunnable.java:54)
	at java.base/java.util.concurrent.Executors$RunnableAdapter.call(Executors.java:539)
	at java.base/java.util.concurrent.FutureTask.runAndReset(FutureTask.java:305)
	at java.base/java.util.concurrent.ScheduledThreadPoolExecutor$ScheduledFutureTask.run(ScheduledThreadPoolExecutor.java:305)
	at java.base/java.util.concurrent.ThreadPoolExecutor.runWorker(ThreadPoolExecutor.java:1136)
	at java.base/java.util.concurrent.ThreadPoolExecutor$Worker.run(ThreadPoolExecutor.java:635)
	at java.base/java.lang.Thread.run(Thread.java:833)
2022-07-14 00:02:32,221 INFO org.springframework.orm.jpa.AbstractEntityManagerFactoryBean [SpringApplicationShutdownHook] Closing JPA EntityManagerFactory for persistence unit 'default'
2022-07-14 00:02:32,224 INFO com.zaxxer.hikari.HikariDataSource [SpringApplicationShutdownHook] HikariPool-1 - Shutdown initiated...
2022-07-14 00:02:32,602 INFO com.zaxxer.hikari.HikariDataSource [SpringApplicationShutdownHook] HikariPool-1 - Shutdown completed.
