2022-07-12 23:53:32,724 INFO org.springframework.data.repository.config.RepositoryConfigurationDelegate [restartedMain] Bootstrapping Spring Data JPA repositories in DEFAULT mode.
2022-07-12 23:53:32,741 INFO org.springframework.data.repository.config.RepositoryConfigurationDelegate [restartedMain] Finished Spring Data repository scanning in 16 ms. Found 7 JPA repository interfaces.
2022-07-12 23:53:33,121 INFO org.springframework.boot.web.embedded.tomcat.TomcatWebServer [restartedMain] Tomcat initialized with port(s): 8080 (http)
2022-07-12 23:53:33,122 INFO org.apache.juli.logging.DirectJDKLog [restartedMain] Initializing ProtocolHandler ["http-nio-8080"]
2022-07-12 23:53:33,124 INFO org.apache.juli.logging.DirectJDKLog [restartedMain] Starting service [Tomcat]
2022-07-12 23:53:33,125 INFO org.apache.juli.logging.DirectJDKLog [restartedMain] Starting Servlet engine: [Apache Tomcat/9.0.56]
2022-07-12 23:53:33,149 INFO org.apache.juli.logging.DirectJDKLog [restartedMain] Initializing Spring embedded WebApplicationContext
2022-07-12 23:53:33,149 INFO org.springframework.boot.web.servlet.context.ServletWebServerApplicationContext [restartedMain] Root WebApplicationContext: initialization completed in 593 ms
2022-07-12 23:53:33,199 INFO com.zaxxer.hikari.HikariDataSource [restartedMain] HikariPool-2 - Starting...
2022-07-12 23:53:33,855 INFO com.zaxxer.hikari.HikariDataSource [restartedMain] HikariPool-2 - Start completed.
2022-07-12 23:53:33,878 INFO org.hibernate.jpa.internal.util.LogHelper [restartedMain] HHH000204: Processing PersistenceUnitInfo [name: default]
2022-07-12 23:53:33,883 INFO org.hibernate.dialect.Dialect [restartedMain] HHH000400: Using dialect: org.hibernate.dialect.MySQL8Dialect
2022-07-12 23:53:34,008 INFO org.hibernate.engine.transaction.jta.platform.internal.JtaPlatformInitiator [restartedMain] HHH000490: Using JtaPlatform implementation: [org.hibernate.engine.transaction.jta.platform.internal.NoJtaPlatform]
2022-07-12 23:53:34,010 INFO org.springframework.orm.jpa.AbstractEntityManagerFactoryBean [restartedMain] Initialized JPA EntityManagerFactory for persistence unit 'default'
2022-07-12 23:53:34,057 WARN org.springframework.boot.autoconfigure.orm.jpa.JpaBaseConfiguration$JpaWebConfiguration [restartedMain] spring.jpa.open-in-view is enabled by default. Therefore, database queries may be performed during view rendering. Explicitly configure spring.jpa.open-in-view to disable this warning
2022-07-12 23:53:34,682 INFO org.springframework.boot.autoconfigure.web.servlet.WelcomePageHandlerMapping [restartedMain] Adding welcome page template: index
2022-07-12 23:53:34,777 INFO org.springframework.security.web.DefaultSecurityFilterChain [restartedMain] Will secure any request with [org.springframework.security.web.context.request.async.WebAsyncManagerIntegrationFilter@65989a6a, org.springframework.security.web.context.SecurityContextPersistenceFilter@3a8f0ab5, org.springframework.security.web.header.HeaderWriterFilter@24e76a86, org.springframework.security.web.csrf.CsrfFilter@32c595c3, org.springframework.security.web.authentication.logout.LogoutFilter@45e9b709, org.springframework.security.web.authentication.UsernamePasswordAuthenticationFilter@294528ed, org.springframework.security.web.authentication.www.BasicAuthenticationFilter@5721bf61, org.springframework.security.web.savedrequest.RequestCacheAwareFilter@218ba289, org.springframework.security.web.servletapi.SecurityContextHolderAwareRequestFilter@5f9240fe, org.springframework.security.web.authentication.AnonymousAuthenticationFilter@63af1fa0, org.springframework.security.web.session.SessionManagementFilter@24faf864, org.springframework.security.web.access.ExceptionTranslationFilter@756840e0, org.springframework.security.web.access.intercept.FilterSecurityInterceptor@1f333041]
2022-07-12 23:53:34,992 WARN org.springframework.boot.devtools.autoconfigure.OptionalLiveReloadServer [restartedMain] Unable to start LiveReload server
2022-07-12 23:53:34,999 INFO org.springframework.boot.web.embedded.tomcat.TomcatWebServer [restartedMain] Tomcat started on port(s): 8080 (http) with context path ''
2022-07-12 23:53:35,009 INFO org.springframework.boot.devtools.autoconfigure.ConditionEvaluationDeltaLoggingListener [restartedMain] Condition evaluation unchanged
2022-07-12 23:53:35,026 INFO org.springframework.orm.jpa.AbstractEntityManagerFactoryBean [SpringApplicationShutdownHook] Closing JPA EntityManagerFactory for persistence unit 'default'
2022-07-12 23:53:35,027 INFO com.zaxxer.hikari.HikariDataSource [SpringApplicationShutdownHook] HikariPool-2 - Shutdown initiated...
2022-07-12 23:53:35,536 INFO com.zaxxer.hikari.HikariDataSource [SpringApplicationShutdownHook] HikariPool-2 - Shutdown completed.
2022-07-12 23:53:38,147 INFO org.hibernate.validator.internal.util.Version [background-preinit] HV000001: Hibernate Validator 6.2.0.Final
2022-07-12 23:53:38,216 INFO org.springframework.boot.logging.DeferredLog [restartedMain] Devtools property defaults active! Set 'spring.devtools.add-properties' to 'false' to disable
2022-07-12 23:53:38,216 INFO org.springframework.boot.logging.DeferredLog [restartedMain] For additional web related logging consider setting the 'logging.level.web' property to 'DEBUG'
2022-07-12 23:53:38,950 INFO org.springframework.data.repository.config.RepositoryConfigurationDelegate [restartedMain] Bootstrapping Spring Data JPA repositories in DEFAULT mode.
2022-07-12 23:53:39,008 INFO org.springframework.data.repository.config.RepositoryConfigurationDelegate [restartedMain] Finished Spring Data repository scanning in 48 ms. Found 7 JPA repository interfaces.
2022-07-12 23:53:40,195 INFO org.springframework.boot.web.embedded.tomcat.TomcatWebServer [restartedMain] Tomcat initialized with port(s): 8080 (http)
2022-07-12 23:53:40,207 INFO org.apache.juli.logging.DirectJDKLog [restartedMain] Initializing ProtocolHandler ["http-nio-8080"]
2022-07-12 23:53:40,208 INFO org.apache.juli.logging.DirectJDKLog [restartedMain] Starting service [Tomcat]
2022-07-12 23:53:40,209 INFO org.apache.juli.logging.DirectJDKLog [restartedMain] Starting Servlet engine: [Apache Tomcat/9.0.56]
2022-07-12 23:53:40,306 INFO org.apache.juli.logging.DirectJDKLog [restartedMain] Initializing Spring embedded WebApplicationContext
2022-07-12 23:53:40,307 INFO org.springframework.boot.web.servlet.context.ServletWebServerApplicationContext [restartedMain] Root WebApplicationContext: initialization completed in 2089 ms
2022-07-12 23:53:40,570 INFO com.zaxxer.hikari.HikariDataSource [restartedMain] HikariPool-1 - Starting...
2022-07-12 23:53:41,641 INFO com.zaxxer.hikari.HikariDataSource [restartedMain] HikariPool-1 - Start completed.
2022-07-12 23:53:41,771 INFO org.hibernate.jpa.internal.util.LogHelper [restartedMain] HHH000204: Processing PersistenceUnitInfo [name: default]
2022-07-12 23:53:41,821 INFO org.hibernate.Version [restartedMain] HHH000412: Hibernate ORM core version 5.6.3.Final
2022-07-12 23:53:42,042 INFO org.hibernate.annotations.common.reflection.java.JavaReflectionManager [restartedMain] HCANN000001: Hibernate Commons Annotations {5.1.2.Final}
2022-07-12 23:53:42,171 INFO org.hibernate.dialect.Dialect [restartedMain] HHH000400: Using dialect: org.hibernate.dialect.MySQL8Dialect
2022-07-12 23:53:42,763 INFO org.hibernate.engine.transaction.jta.platform.internal.JtaPlatformInitiator [restartedMain] HHH000490: Using JtaPlatform implementation: [org.hibernate.engine.transaction.jta.platform.internal.NoJtaPlatform]
2022-07-12 23:53:42,770 INFO org.springframework.orm.jpa.AbstractEntityManagerFactoryBean [restartedMain] Initialized JPA EntityManagerFactory for persistence unit 'default'
2022-07-12 23:53:42,957 WARN org.springframework.boot.autoconfigure.orm.jpa.JpaBaseConfiguration$JpaWebConfiguration [restartedMain] spring.jpa.open-in-view is enabled by default. Therefore, database queries may be performed during view rendering. Explicitly configure spring.jpa.open-in-view to disable this warning
2022-07-12 23:53:44,794 INFO org.springframework.boot.autoconfigure.web.servlet.WelcomePageHandlerMapping [restartedMain] Adding welcome page template: index
2022-07-12 23:53:45,213 INFO org.springframework.security.web.DefaultSecurityFilterChain [restartedMain] Will secure any request with [org.springframework.security.web.context.request.async.WebAsyncManagerIntegrationFilter@b339d25, org.springframework.security.web.context.SecurityContextPersistenceFilter@280dee19, org.springframework.security.web.header.HeaderWriterFilter@74bb7847, org.springframework.security.web.csrf.CsrfFilter@35a25bc8, org.springframework.security.web.authentication.logout.LogoutFilter@4e257016, org.springframework.security.web.authentication.UsernamePasswordAuthenticationFilter@242b853f, org.springframework.security.web.authentication.www.BasicAuthenticationFilter@5fa340a6, org.springframework.security.web.savedrequest.RequestCacheAwareFilter@12758ef8, org.springframework.security.web.servletapi.SecurityContextHolderAwareRequestFilter@13ce0f54, org.springframework.security.web.authentication.AnonymousAuthenticationFilter@2dad1ebe, org.springframework.security.web.session.SessionManagementFilter@55574fd8, org.springframework.security.web.access.ExceptionTranslationFilter@4bb066bf, org.springframework.security.web.access.intercept.FilterSecurityInterceptor@25ea59e1]
2022-07-12 23:53:46,090 WARN org.springframework.boot.devtools.autoconfigure.OptionalLiveReloadServer [restartedMain] Unable to start LiveReload server
2022-07-12 23:53:46,111 INFO org.apache.juli.logging.DirectJDKLog [restartedMain] Starting ProtocolHandler ["http-nio-8080"]
2022-07-12 23:53:46,133 INFO org.springframework.boot.web.embedded.tomcat.TomcatWebServer [restartedMain] Tomcat started on port(s): 8080 (http) with context path ''
2022-07-12 23:53:53,710 INFO org.apache.juli.logging.DirectJDKLog [http-nio-8080-exec-1] Initializing Spring DispatcherServlet 'dispatcherServlet'
2022-07-12 23:53:53,711 INFO org.springframework.web.servlet.FrameworkServlet [http-nio-8080-exec-1] Initializing Servlet 'dispatcherServlet'
2022-07-12 23:53:53,713 INFO org.springframework.web.servlet.FrameworkServlet [http-nio-8080-exec-1] Completed initialization in 2 ms
